Arguments: 
  C:\Program Files\nodejs\node.exe C:\Program Files (x86)\Yarn\bin\yarn.js install

PATH: 
  C:\Windows\system32;C:\Windows;C:\Windows\System32\Wbem;C:\Windows\System32\WindowsPowerShell\v1.0\;C:\Windows\System32\OpenSSH\;C:\Program Files\Bandizip\;C:\Program Files\Git\cmd;C:\Users\One\AppData\Roaming\nvm;C:\Program Files\nodejs;C:\Program Files\Docker\Docker\resources\bin;C:\Program Files\PostgreSQL\14\bin;C:\Program Files\Java\jdk-11.0.17\bin;C:\Users\One\AppData\Local\Android\Sdk\platform-tools;C:\Program Files (x86)\Yarn\bin\;C:\Users\One\AppData\Local\Microsoft\WindowsApps;C:\Users\One\AppData\Roaming\npm;C:\Users\One\AppData\Roaming\nvm;C:\Program Files\nodejs;C:\Users\One\AppData\Local\Programs\Microsoft VS Code\bin;C:\Users\One\AppData\Local\Yarn\bin;

Yarn version: 
  1.22.19

Node version: 
  18.10.0

Platform: 
  win32 x64

Trace: 
  Error: getaddrinfo ENOTFOUND registry.yarnpkg.com
      at GetAddrInfoReqWrap.onlookup [as oncomplete] (node:dns:107:26)

npm manifest: 
  {
    "name": "BeeWiseApp",
    "version": "0.0.1",
    "private": true,
    "scripts": {
      "android": "react-native run-android",
      "ios": "react-native run-ios",
      "start": "react-native start",
      "test": "jest",
      "lint": "eslint ."
    },
    "dependencies": {
      "@react-native-google-signin/google-signin": "^8.2.1",
      "@react-native-masked-view/masked-view": "^0.2.7",
      "@react-navigation/bottom-tabs": "^6.4.0",
      "@react-navigation/drawer": "5.x",
      "@react-navigation/native": "^6.0.13",
      "@react-navigation/native-stack": "^6.9.0",
      "@react-navigation/stack": "^6.3.1",
      "axios": "^1.1.3",
      "material-icons-react": "^1.0.4",
      "native-base": "^3.4.16",
      "npm": "^8.19.2",
      "react": "17.0.2",
      "react-native": "0.68.2",
      "react-native-app-intro-slider": "^4.0.4",
      "react-native-circular-progress-indicator": "^4.4.0",
      "react-native-confirmation-code-field": "^7.3.1",
      "react-native-gesture-handler": "^2.6.1",
      "react-native-image-sequence-2": "^0.9.0",
      "react-native-linear-gradient": "^2.6.2",
      "react-native-media-controls": "^2.3.0",
      "react-native-reanimated": "^2.10.0",
      "react-native-safe-area-context": "^4.3.4",
      "react-native-screens": "^3.17.0",
      "react-native-slider": "^0.11.0",
      "react-native-snap-carousel": "^3.9.1",
      "react-native-svg": "12.1.1",
      "react-native-vector-icons": "^9.2.0",
      "react-native-video": "^5.2.1",
      "react-navigation": "^4.4.4",
      "react-redux": "^8.0.4",
      "redux": "^4.2.0"
    },
    "devDependencies": {
      "@babel/core": "^7.19.1",
      "@babel/runtime": "^7.19.0",
      "@react-native-community/eslint-config": "^3.1.0",
      "babel-jest": "^29.0.3",
      "eslint": "^8.23.1",
      "jest": "^29.0.3",
      "metro-react-native-babel-preset": "^0.72.3",
      "react-test-renderer": "17.0.2"
    },
    "jest": {
      "preset": "react-native"
    }
  }

yarn manifest: 
  No manifest

Lockfile: 
  No lockfile
